ERROR - 2024-07-27 21:22:27 --> Falha na conexão com o banco de dados.
ERROR - 2024-07-27 21:22:34 --> Falha na conexão com o banco de dados.
ERROR - 2024-07-27 21:22:35 --> Falha na conexão com o banco de dados.
ERROR - 2024-07-27 21:22:36 --> Falha na conexão com o banco de dados.
ERROR - 2024-07-27 21:22:37 --> Falha na conexão com o banco de dados.
ERROR - 2024-07-27 21:22:37 --> Falha na conexão com o banco de dados.
ERROR - 2024-07-27 21:22:37 --> Falha na conexão com o banco de dados.
ERROR - 2024-07-27 21:23:05 --> Falha na conexão com o banco de dados.
ERROR - 2024-07-27 21:23:07 --> Falha na conexão com o banco de dados.
ERROR - 2024-07-27 21:23:07 --> Falha na conexão com o banco de dados.
ERROR - 2024-07-27 21:23:07 --> Falha na conexão com o banco de dados.
ERROR - 2024-07-27 21:23:08 --> Falha na conexão com o banco de dados.
ERROR - 2024-07-27 21:23:08 --> Falha na conexão com o banco de dados.
ERROR - 2024-07-27 21:23:08 --> Falha na conexão com o banco de dados.
ERROR - 2024-07-27 21:23:08 --> Falha na conexão com o banco de dados.
ERROR - 2024-07-27 21:23:08 --> Falha na conexão com o banco de dados.
ERROR - 2024-07-27 21:23:18 --> Falha na conexão com o banco de dados.
ERROR - 2024-07-27 21:23:26 --> Falha na conexão com o banco de dados.
CRITICAL - 2024-07-27 21:31:34 --> ErrorException: Attempt to read property "errno" on bool
[Method: GET, Route: testdb]
in SYSTEMPATH\Database\MySQLi\Connection.php on line 584.
 1 SYSTEMPATH\Database\MySQLi\Connection.php(584): CodeIgniter\Debug\Exceptions->errorHandler(2, 'Attempt to read property "errno" on bool', 'C:\\xampp\\htdocs\\codeigniter4-framework-be27314\\system\\Database\\MySQLi\\Connection.php', 584)
 2 APPPATH\Controllers\TestDB.php(20): CodeIgniter\Database\MySQLi\Connection->error()
 3 SYSTEMPATH\CodeIgniter.php(933): App\Controllers\TestDB->index()
 4 SYSTEMPATH\CodeIgniter.php(509): CodeIgniter\CodeIgniter->runController(Object(App\Controllers\TestDB))
 5 SYSTEMPATH\CodeIgniter.php(355): CodeIgniter\CodeIgniter->handleRequest(null, Object(Config\Cache), false)
 6 SYSTEMPATH\Boot.php(325): CodeIgniter\CodeIgniter->run()
 7 SYSTEMPATH\Boot.php(67): CodeIgniter\Boot::runCodeIgniter(Object(CodeIgniter\CodeIgniter))
 8 FCPATH\index.php(56): CodeIgniter\Boot::bootWeb(Object(Config\Paths))
CRITICAL - 2024-07-27 21:31:38 --> ErrorException: Attempt to read property "errno" on bool
[Method: GET, Route: testdb]
in SYSTEMPATH\Database\MySQLi\Connection.php on line 584.
 1 SYSTEMPATH\Database\MySQLi\Connection.php(584): CodeIgniter\Debug\Exceptions->errorHandler(2, 'Attempt to read property "errno" on bool', 'C:\\xampp\\htdocs\\codeigniter4-framework-be27314\\system\\Database\\MySQLi\\Connection.php', 584)
 2 APPPATH\Controllers\TestDB.php(20): CodeIgniter\Database\MySQLi\Connection->error()
 3 SYSTEMPATH\CodeIgniter.php(933): App\Controllers\TestDB->index()
 4 SYSTEMPATH\CodeIgniter.php(509): CodeIgniter\CodeIgniter->runController(Object(App\Controllers\TestDB))
 5 SYSTEMPATH\CodeIgniter.php(355): CodeIgniter\CodeIgniter->handleRequest(null, Object(Config\Cache), false)
 6 SYSTEMPATH\Boot.php(325): CodeIgniter\CodeIgniter->run()
 7 SYSTEMPATH\Boot.php(67): CodeIgniter\Boot::runCodeIgniter(Object(CodeIgniter\CodeIgniter))
 8 FCPATH\index.php(56): CodeIgniter\Boot::bootWeb(Object(Config\Paths))
CRITICAL - 2024-07-27 21:31:46 --> ErrorException: Attempt to read property "errno" on bool
[Method: GET, Route: testdb]
in SYSTEMPATH\Database\MySQLi\Connection.php on line 584.
 1 SYSTEMPATH\Database\MySQLi\Connection.php(584): CodeIgniter\Debug\Exceptions->errorHandler(2, 'Attempt to read property "errno" on bool', 'C:\\xampp\\htdocs\\codeigniter4-framework-be27314\\system\\Database\\MySQLi\\Connection.php', 584)
 2 APPPATH\Controllers\TestDB.php(20): CodeIgniter\Database\MySQLi\Connection->error()
 3 SYSTEMPATH\CodeIgniter.php(933): App\Controllers\TestDB->index()
 4 SYSTEMPATH\CodeIgniter.php(509): CodeIgniter\CodeIgniter->runController(Object(App\Controllers\TestDB))
 5 SYSTEMPATH\CodeIgniter.php(355): CodeIgniter\CodeIgniter->handleRequest(null, Object(Config\Cache), false)
 6 SYSTEMPATH\Boot.php(325): CodeIgniter\CodeIgniter->run()
 7 SYSTEMPATH\Boot.php(67): CodeIgniter\Boot::runCodeIgniter(Object(CodeIgniter\CodeIgniter))
 8 FCPATH\index.php(56): CodeIgniter\Boot::bootWeb(Object(Config\Paths))
CRITICAL - 2024-07-27 21:31:48 --> ErrorException: Attempt to read property "errno" on bool
[Method: GET, Route: testdb]
in SYSTEMPATH\Database\MySQLi\Connection.php on line 584.
 1 SYSTEMPATH\Database\MySQLi\Connection.php(584): CodeIgniter\Debug\Exceptions->errorHandler(2, 'Attempt to read property "errno" on bool', 'C:\\xampp\\htdocs\\codeigniter4-framework-be27314\\system\\Database\\MySQLi\\Connection.php', 584)
 2 APPPATH\Controllers\TestDB.php(20): CodeIgniter\Database\MySQLi\Connection->error()
 3 SYSTEMPATH\CodeIgniter.php(933): App\Controllers\TestDB->index()
 4 SYSTEMPATH\CodeIgniter.php(509): CodeIgniter\CodeIgniter->runController(Object(App\Controllers\TestDB))
 5 SYSTEMPATH\CodeIgniter.php(355): CodeIgniter\CodeIgniter->handleRequest(null, Object(Config\Cache), false)
 6 SYSTEMPATH\Boot.php(325): CodeIgniter\CodeIgniter->run()
 7 SYSTEMPATH\Boot.php(67): CodeIgniter\Boot::runCodeIgniter(Object(CodeIgniter\CodeIgniter))
 8 FCPATH\index.php(56): CodeIgniter\Boot::bootWeb(Object(Config\Paths))
CRITICAL - 2024-07-27 21:32:06 --> ErrorException: Attempt to read property "errno" on bool
[Method: GET, Route: testdb]
in SYSTEMPATH\Database\MySQLi\Connection.php on line 584.
 1 SYSTEMPATH\Database\MySQLi\Connection.php(584): CodeIgniter\Debug\Exceptions->errorHandler(2, 'Attempt to read property "errno" on bool', 'C:\\xampp\\htdocs\\codeigniter4-framework-be27314\\system\\Database\\MySQLi\\Connection.php', 584)
 2 APPPATH\Controllers\TestDB.php(20): CodeIgniter\Database\MySQLi\Connection->error()
 3 SYSTEMPATH\CodeIgniter.php(933): App\Controllers\TestDB->index()
 4 SYSTEMPATH\CodeIgniter.php(509): CodeIgniter\CodeIgniter->runController(Object(App\Controllers\TestDB))
 5 SYSTEMPATH\CodeIgniter.php(355): CodeIgniter\CodeIgniter->handleRequest(null, Object(Config\Cache), false)
 6 SYSTEMPATH\Boot.php(325): CodeIgniter\CodeIgniter->run()
 7 SYSTEMPATH\Boot.php(67): CodeIgniter\Boot::runCodeIgniter(Object(CodeIgniter\CodeIgniter))
 8 FCPATH\index.php(56): CodeIgniter\Boot::bootWeb(Object(Config\Paths))
CRITICAL - 2024-07-27 21:32:23 --> ErrorException: Attempt to read property "errno" on bool
[Method: GET, Route: testdb]
in SYSTEMPATH\Database\MySQLi\Connection.php on line 584.
 1 SYSTEMPATH\Database\MySQLi\Connection.php(584): CodeIgniter\Debug\Exceptions->errorHandler(2, 'Attempt to read property "errno" on bool', 'C:\\xampp\\htdocs\\codeigniter4-framework-be27314\\system\\Database\\MySQLi\\Connection.php', 584)
 2 APPPATH\Controllers\TestDB.php(20): CodeIgniter\Database\MySQLi\Connection->error()
 3 SYSTEMPATH\CodeIgniter.php(933): App\Controllers\TestDB->index()
 4 SYSTEMPATH\CodeIgniter.php(509): CodeIgniter\CodeIgniter->runController(Object(App\Controllers\TestDB))
 5 SYSTEMPATH\CodeIgniter.php(355): CodeIgniter\CodeIgniter->handleRequest(null, Object(Config\Cache), false)
 6 SYSTEMPATH\Boot.php(325): CodeIgniter\CodeIgniter->run()
 7 SYSTEMPATH\Boot.php(67): CodeIgniter\Boot::runCodeIgniter(Object(CodeIgniter\CodeIgniter))
 8 FCPATH\index.php(56): CodeIgniter\Boot::bootWeb(Object(Config\Paths))
ERROR - 2024-07-27 22:42:44 --> mysqli_sql_exception: MySQL server has gone away in C:\xampp\htdocs\codeigniter4-framework-be27314\system\Database\MySQLi\Connection.php:312
Stack trace:
#0 C:\xampp\htdocs\codeigniter4-framework-be27314\system\Database\MySQLi\Connection.php(312): mysqli->query('INSERT INTO `us...', 0)
#1 C:\xampp\htdocs\codeigniter4-framework-be27314\system\Database\BaseConnection.php(734): CodeIgniter\Database\MySQLi\Connection->execute('INSERT INTO `us...')
#2 C:\xampp\htdocs\codeigniter4-framework-be27314\system\Database\BaseConnection.php(648): CodeIgniter\Database\BaseConnection->simpleQuery('INSERT INTO `us...')
#3 C:\xampp\htdocs\codeigniter4-framework-be27314\system\Database\BaseBuilder.php(2332): CodeIgniter\Database\BaseConnection->query('INSERT INTO `us...', Array, false)
#4 C:\xampp\htdocs\codeigniter4-framework-be27314\system\Model.php(394): CodeIgniter\Database\BaseBuilder->insert()
#5 C:\xampp\htdocs\codeigniter4-framework-be27314\system\BaseModel.php(840): CodeIgniter\Model->doInsert(Array)
#6 C:\xampp\htdocs\codeigniter4-framework-be27314\system\Model.php(802): CodeIgniter\BaseModel->insert(Array, true)
#7 C:\xampp\htdocs\codeigniter4-framework-be27314\app\Controllers\Auth.php(49): CodeIgniter\Model->insert(Array)
#8 C:\xampp\htdocs\codeigniter4-framework-be27314\system\CodeIgniter.php(933): App\Controllers\Auth->register()
#9 C:\xampp\htdocs\codeigniter4-framework-be27314\system\CodeIgniter.php(509): CodeIgniter\CodeIgniter->runController(Object(App\Controllers\Auth))
#10 C:\xampp\htdocs\codeigniter4-framework-be27314\system\CodeIgniter.php(355): CodeIgniter\CodeIgniter->handleRequest(NULL, Object(Config\Cache), false)
#11 C:\xampp\htdocs\codeigniter4-framework-be27314\system\Boot.php(325): CodeIgniter\CodeIgniter->run()
#12 C:\xampp\htdocs\codeigniter4-framework-be27314\system\Boot.php(67): CodeIgniter\Boot::runCodeIgniter(Object(CodeIgniter\CodeIgniter))
#13 C:\xampp\htdocs\codeigniter4-framework-be27314\public\index.php(56): CodeIgniter\Boot::bootWeb(Object(Config\Paths))
#14 {main}
CRITICAL - 2024-07-27 22:42:44 --> CodeIgniter\Database\Exceptions\DatabaseException: MySQL server has gone away
[Method: GET, Route: signup]
in SYSTEMPATH\Database\BaseConnection.php on line 688.
 1 SYSTEMPATH\Database\BaseBuilder.php(2332): CodeIgniter\Database\BaseConnection->query('INSERT INTO `users` (`name`, `phone`, `email`, `password`) VALUES (:name:, :phone:, :email:, :password:)', [...], false)
 2 SYSTEMPATH\Model.php(394): CodeIgniter\Database\BaseBuilder->insert()
 3 SYSTEMPATH\BaseModel.php(840): CodeIgniter\Model->doInsert([...])
 4 SYSTEMPATH\Model.php(802): CodeIgniter\BaseModel->insert([...], true)
 5 APPPATH\Controllers\Auth.php(49): CodeIgniter\Model->insert([...])
 6 SYSTEMPATH\CodeIgniter.php(933): App\Controllers\Auth->register()
 7 SYSTEMPATH\CodeIgniter.php(509): CodeIgniter\CodeIgniter->runController(Object(App\Controllers\Auth))
 8 SYSTEMPATH\CodeIgniter.php(355): CodeIgniter\CodeIgniter->handleRequest(null, Object(Config\Cache), false)
 9 SYSTEMPATH\Boot.php(325): CodeIgniter\CodeIgniter->run()
10 SYSTEMPATH\Boot.php(67): CodeIgniter\Boot::runCodeIgniter(Object(CodeIgniter\CodeIgniter))
11 FCPATH\index.php(56): CodeIgniter\Boot::bootWeb(Object(Config\Paths))
CRITICAL - 2024-07-27 22:42:44 --> [Caused by] CodeIgniter\Database\Exceptions\DatabaseException: MySQL server has gone away
in SYSTEMPATH\Database\MySQLi\Connection.php on line 317.
 1 SYSTEMPATH\Database\BaseConnection.php(734): CodeIgniter\Database\MySQLi\Connection->execute('INSERT INTO `users` (`name`, `phone`, `email`, `password`) VALUES (NULL, NULL, NULL, \'$2y$10$liF/Yn0NerQu03MQXZ2f6.VCXd1TVwbJf.nYHPukVa9a4joPjSK5y\')')
 2 SYSTEMPATH\Database\BaseConnection.php(648): CodeIgniter\Database\BaseConnection->simpleQuery('INSERT INTO `users` (`name`, `phone`, `email`, `password`) VALUES (NULL, NULL, NULL, \'$2y$10$liF/Yn0NerQu03MQXZ2f6.VCXd1TVwbJf.nYHPukVa9a4joPjSK5y\')')
 3 SYSTEMPATH\Database\BaseBuilder.php(2332): CodeIgniter\Database\BaseConnection->query('INSERT INTO `users` (`name`, `phone`, `email`, `password`) VALUES (:name:, :phone:, :email:, :password:)', [...], false)
 4 SYSTEMPATH\Model.php(394): CodeIgniter\Database\BaseBuilder->insert()
 5 SYSTEMPATH\BaseModel.php(840): CodeIgniter\Model->doInsert([...])
 6 SYSTEMPATH\Model.php(802): CodeIgniter\BaseModel->insert([...], true)
 7 APPPATH\Controllers\Auth.php(49): CodeIgniter\Model->insert([...])
 8 SYSTEMPATH\CodeIgniter.php(933): App\Controllers\Auth->register()
 9 SYSTEMPATH\CodeIgniter.php(509): CodeIgniter\CodeIgniter->runController(Object(App\Controllers\Auth))
10 SYSTEMPATH\CodeIgniter.php(355): CodeIgniter\CodeIgniter->handleRequest(null, Object(Config\Cache), false)
11 SYSTEMPATH\Boot.php(325): CodeIgniter\CodeIgniter->run()
12 SYSTEMPATH\Boot.php(67): CodeIgniter\Boot::runCodeIgniter(Object(CodeIgniter\CodeIgniter))
13 FCPATH\index.php(56): CodeIgniter\Boot::bootWeb(Object(Config\Paths))
CRITICAL - 2024-07-27 22:42:44 --> [Caused by] mysqli_sql_exception: MySQL server has gone away
in SYSTEMPATH\Database\MySQLi\Connection.php on line 312.
 1 SYSTEMPATH\Database\MySQLi\Connection.php(312): mysqli->query('INSERT INTO `users` (`name`, `phone`, `email`, `password`) VALUES (NULL, NULL, NULL, \'$2y$10$liF/Yn0NerQu03MQXZ2f6.VCXd1TVwbJf.nYHPukVa9a4joPjSK5y\')', 0)
 2 SYSTEMPATH\Database\BaseConnection.php(734): CodeIgniter\Database\MySQLi\Connection->execute('INSERT INTO `users` (`name`, `phone`, `email`, `password`) VALUES (NULL, NULL, NULL, \'$2y$10$liF/Yn0NerQu03MQXZ2f6.VCXd1TVwbJf.nYHPukVa9a4joPjSK5y\')')
 3 SYSTEMPATH\Database\BaseConnection.php(648): CodeIgniter\Database\BaseConnection->simpleQuery('INSERT INTO `users` (`name`, `phone`, `email`, `password`) VALUES (NULL, NULL, NULL, \'$2y$10$liF/Yn0NerQu03MQXZ2f6.VCXd1TVwbJf.nYHPukVa9a4joPjSK5y\')')
 4 SYSTEMPATH\Database\BaseBuilder.php(2332): CodeIgniter\Database\BaseConnection->query('INSERT INTO `users` (`name`, `phone`, `email`, `password`) VALUES (:name:, :phone:, :email:, :password:)', [...], false)
 5 SYSTEMPATH\Model.php(394): CodeIgniter\Database\BaseBuilder->insert()
 6 SYSTEMPATH\BaseModel.php(840): CodeIgniter\Model->doInsert([...])
 7 SYSTEMPATH\Model.php(802): CodeIgniter\BaseModel->insert([...], true)
 8 APPPATH\Controllers\Auth.php(49): CodeIgniter\Model->insert([...])
 9 SYSTEMPATH\CodeIgniter.php(933): App\Controllers\Auth->register()
10 SYSTEMPATH\CodeIgniter.php(509): CodeIgniter\CodeIgniter->runController(Object(App\Controllers\Auth))
11 SYSTEMPATH\CodeIgniter.php(355): CodeIgniter\CodeIgniter->handleRequest(null, Object(Config\Cache), false)
12 SYSTEMPATH\Boot.php(325): CodeIgniter\CodeIgniter->run()
13 SYSTEMPATH\Boot.php(67): CodeIgniter\Boot::runCodeIgniter(Object(CodeIgniter\CodeIgniter))
14 FCPATH\index.php(56): CodeIgniter\Boot::bootWeb(Object(Config\Paths))
